<?xml version="1.0" encoding="UTF-8"?>
<testsuite xmlns:xsi="http://www.w3.org/2001/XMLSchema-instance" xsi:noNamespaceSchemaLocation="https://maven.apache.org/surefire/maven-surefire-plugin/xsd/surefire-test-report.xsd" name="com.example.demo.DemoApplicationTests" time="7.677" tests="2" errors="0" skipped="0" failures="0">
  <properties>
    <property name="sun.desktop" value="windows"/>
    <property name="awt.toolkit" value="sun.awt.windows.WToolkit"/>
    <property name="file.encoding.pkg" value="sun.io"/>
    <property name="java.specification.version" value="1.8"/>
    <property name="sun.cpu.isalist" value="amd64"/>
    <property name="sun.jnu.encoding" value="GBK"/>
    <property name="java.class.path" value="E:\demo\target\test-classes;E:\demo\target\classes;d:\repository\org\springframework\boot\spring-boot-starter-amqp\2.0.4.RELEASE\spring-boot-starter-amqp-2.0.4.RELEASE.jar;d:\repository\org\springframework\boot\spring-boot-starter\2.0.4.RELEASE\spring-boot-starter-2.0.4.RELEASE.jar;d:\repository\org\springframework\boot\spring-boot\2.0.4.RELEASE\spring-boot-2.0.4.RELEASE.jar;d:\repository\org\springframework\boot\spring-boot-autoconfigure\2.0.4.RELEASE\spring-boot-autoconfigure-2.0.4.RELEASE.jar;d:\repository\org\springframework\boot\spring-boot-starter-logging\2.0.4.RELEASE\spring-boot-starter-logging-2.0.4.RELEASE.jar;d:\repository\ch\qos\logback\logback-classic\1.2.3\logback-classic-1.2.3.jar;d:\repository\ch\qos\logback\logback-core\1.2.3\logback-core-1.2.3.jar;d:\repository\org\apache\logging\log4j\log4j-to-slf4j\2.10.0\log4j-to-slf4j-2.10.0.jar;d:\repository\org\apache\logging\log4j\log4j-api\2.10.0\log4j-api-2.10.0.jar;d:\repository\org\slf4j\jul-to-slf4j\1.7.25\jul-to-slf4j-1.7.25.jar;d:\repository\org\yaml\snakeyaml\1.19\snakeyaml-1.19.jar;d:\repository\org\springframework\spring-messaging\5.0.8.RELEASE\spring-messaging-5.0.8.RELEASE.jar;d:\repository\org\springframework\spring-beans\5.0.8.RELEASE\spring-beans-5.0.8.RELEASE.jar;d:\repository\org\springframework\amqp\spring-rabbit\2.0.5.RELEASE\spring-rabbit-2.0.5.RELEASE.jar;d:\repository\org\springframework\amqp\spring-amqp\2.0.5.RELEASE\spring-amqp-2.0.5.RELEASE.jar;d:\repository\com\rabbitmq\amqp-client\5.1.2\amqp-client-5.1.2.jar;d:\repository\org\springframework\spring-tx\5.0.8.RELEASE\spring-tx-5.0.8.RELEASE.jar;d:\repository\org\springframework\retry\spring-retry\1.2.2.RELEASE\spring-retry-1.2.2.RELEASE.jar;d:\repository\org\springframework\boot\spring-boot-starter-aop\2.0.4.RELEASE\spring-boot-starter-aop-2.0.4.RELEASE.jar;d:\repository\org\springframework\spring-aop\5.0.8.RELEASE\spring-aop-5.0.8.RELEASE.jar;d:\repository\org\aspectj\aspectjweaver\1.8.13\aspectjweaver-1.8.13.jar;d:\repository\org\springframework\boot\spring-boot-starter-cache\2.0.4.RELEASE\spring-boot-starter-cache-2.0.4.RELEASE.jar;d:\repository\org\springframework\spring-context\5.0.8.RELEASE\spring-context-5.0.8.RELEASE.jar;d:\repository\org\springframework\spring-expression\5.0.8.RELEASE\spring-expression-5.0.8.RELEASE.jar;d:\repository\org\springframework\spring-context-support\5.0.8.RELEASE\spring-context-support-5.0.8.RELEASE.jar;d:\repository\org\springframework\boot\spring-boot-starter-freemarker\2.0.4.RELEASE\spring-boot-starter-freemarker-2.0.4.RELEASE.jar;d:\repository\org\freemarker\freemarker\2.3.28\freemarker-2.3.28.jar;d:\repository\org\springframework\boot\spring-boot-starter-web\2.0.4.RELEASE\spring-boot-starter-web-2.0.4.RELEASE.jar;d:\repository\org\springframework\boot\spring-boot-starter-json\2.0.4.RELEASE\spring-boot-starter-json-2.0.4.RELEASE.jar;d:\repository\com\fasterxml\jackson\core\jackson-databind\2.9.6\jackson-databind-2.9.6.jar;d:\repository\com\fasterxml\jackson\core\jackson-annotations\2.9.0\jackson-annotations-2.9.0.jar;d:\repository\com\fasterxml\jackson\core\jackson-core\2.9.6\jackson-core-2.9.6.jar;d:\repository\com\fasterxml\jackson\datatype\jackson-datatype-jdk8\2.9.6\jackson-datatype-jdk8-2.9.6.jar;d:\repository\com\fasterxml\jackson\datatype\jackson-datatype-jsr310\2.9.6\jackson-datatype-jsr310-2.9.6.jar;d:\repository\com\fasterxml\jackson\module\jackson-module-parameter-names\2.9.6\jackson-module-parameter-names-2.9.6.jar;d:\repository\org\hibernate\validator\hibernate-validator\6.0.11.Final\hibernate-validator-6.0.11.Final.jar;d:\repository\javax\validation\validation-api\2.0.1.Final\validation-api-2.0.1.Final.jar;d:\repository\org\jboss\logging\jboss-logging\3.3.2.Final\jboss-logging-3.3.2.Final.jar;d:\repository\com\fasterxml\classmate\1.3.4\classmate-1.3.4.jar;d:\repository\org\springframework\spring-web\5.0.8.RELEASE\spring-web-5.0.8.RELEASE.jar;d:\repository\org\springframework\spring-webmvc\5.0.8.RELEASE\spring-webmvc-5.0.8.RELEASE.jar;d:\repository\org\mybatis\spring\boot\mybatis-spring-boot-starter\1.3.2\mybatis-spring-boot-starter-1.3.2.jar;d:\repository\org\springframework\boot\spring-boot-starter-jdbc\2.0.4.RELEASE\spring-boot-starter-jdbc-2.0.4.RELEASE.jar;d:\repository\com\zaxxer\HikariCP\2.7.9\HikariCP-2.7.9.jar;d:\repository\org\springframework\spring-jdbc\5.0.8.RELEASE\spring-jdbc-5.0.8.RELEASE.jar;d:\repository\org\mybatis\spring\boot\mybatis-spring-boot-autoconfigure\1.3.2\mybatis-spring-boot-autoconfigure-1.3.2.jar;d:\repository\org\mybatis\mybatis\3.4.6\mybatis-3.4.6.jar;d:\repository\org\mybatis\mybatis-spring\1.3.2\mybatis-spring-1.3.2.jar;d:\repository\mysql\mysql-connector-java\5.1.46\mysql-connector-java-5.1.46.jar;d:\repository\org\springframework\boot\spring-boot-starter-tomcat\2.0.4.RELEASE\spring-boot-starter-tomcat-2.0.4.RELEASE.jar;d:\repository\javax\annotation\javax.annotation-api\1.3.2\javax.annotation-api-1.3.2.jar;d:\repository\org\apache\tomcat\embed\tomcat-embed-core\8.5.32\tomcat-embed-core-8.5.32.jar;d:\repository\org\apache\tomcat\embed\tomcat-embed-el\8.5.32\tomcat-embed-el-8.5.32.jar;d:\repository\org\apache\tomcat\embed\tomcat-embed-websocket\8.5.32\tomcat-embed-websocket-8.5.32.jar;d:\repository\org\springframework\boot\spring-boot-starter-test\2.0.4.RELEASE\spring-boot-starter-test-2.0.4.RELEASE.jar;d:\repository\org\springframework\boot\spring-boot-test\2.0.4.RELEASE\spring-boot-test-2.0.4.RELEASE.jar;d:\repository\org\springframework\boot\spring-boot-test-autoconfigure\2.0.4.RELEASE\spring-boot-test-autoconfigure-2.0.4.RELEASE.jar;d:\repository\com\jayway\jsonpath\json-path\2.4.0\json-path-2.4.0.jar;d:\repository\net\minidev\json-smart\2.3\json-smart-2.3.jar;d:\repository\net\minidev\accessors-smart\1.2\accessors-smart-1.2.jar;d:\repository\org\ow2\asm\asm\5.0.4\asm-5.0.4.jar;d:\repository\org\slf4j\slf4j-api\1.7.25\slf4j-api-1.7.25.jar;d:\repository\junit\junit\4.12\junit-4.12.jar;d:\repository\org\assertj\assertj-core\3.9.1\assertj-core-3.9.1.jar;d:\repository\org\mockito\mockito-core\2.15.0\mockito-core-2.15.0.jar;d:\repository\net\bytebuddy\byte-buddy\1.7.11\byte-buddy-1.7.11.jar;d:\repository\net\bytebuddy\byte-buddy-agent\1.7.11\byte-buddy-agent-1.7.11.jar;d:\repository\org\objenesis\objenesis\2.6\objenesis-2.6.jar;d:\repository\org\hamcrest\hamcrest-core\1.3\hamcrest-core-1.3.jar;d:\repository\org\hamcrest\hamcrest-library\1.3\hamcrest-library-1.3.jar;d:\repository\org\skyscreamer\jsonassert\1.5.0\jsonassert-1.5.0.jar;d:\repository\com\vaadin\external\google\android-json\0.0.20131108.vaadin1\android-json-0.0.20131108.vaadin1.jar;d:\repository\org\springframework\spring-core\5.0.8.RELEASE\spring-core-5.0.8.RELEASE.jar;d:\repository\org\springframework\spring-jcl\5.0.8.RELEASE\spring-jcl-5.0.8.RELEASE.jar;d:\repository\org\springframework\spring-test\5.0.8.RELEASE\spring-test-5.0.8.RELEASE.jar;d:\repository\org\xmlunit\xmlunit-core\2.5.1\xmlunit-core-2.5.1.jar;d:\repository\com\alibaba\druid\1.1.0\druid-1.1.0.jar;C:\Program Files\Java\jdk1.8.0_172\jre\..\lib\jconsole.jar;C:\Program Files\Java\jdk1.8.0_172\jre\..\lib\tools.jar;d:\repository\com\google\code\gson\gson\2.8.5\gson-2.8.5.jar;d:\repository\joda-time\joda-time\2.9.9\joda-time-2.9.9.jar;d:\repository\dom4j\dom4j\1.6.1\dom4j-1.6.1.jar;d:\repository\xml-apis\xml-apis\1.4.01\xml-apis-1.4.01.jar;d:\repository\jaxen\jaxen\1.1.6\jaxen-1.1.6.jar;d:\repository\org\apache\httpcomponents\httpclient\4.5.6\httpclient-4.5.6.jar;d:\repository\org\apache\httpcomponents\httpcore\4.4.10\httpcore-4.4.10.jar;d:\repository\commons-codec\commons-codec\1.11\commons-codec-1.11.jar;d:\repository\org\apache\httpcomponents\httpmime\4.5.6\httpmime-4.5.6.jar;d:\repository\commons-io\commons-io\2.5\commons-io-2.5.jar;d:\repository\org\apache\commons\commons-lang3\3.7\commons-lang3-3.7.jar;d:\repository\org\apache\camel\camel-ftp\2.13.2\camel-ftp-2.13.2.jar;d:\repository\org\apache\camel\camel-core\2.13.2\camel-core-2.13.2.jar;d:\repository\com\sun\xml\bind\jaxb-impl\2.2.6\jaxb-impl-2.2.6.jar;d:\repository\com\jcraft\jsch\0.1.50\jsch-0.1.50.jar;d:\repository\commons-net\commons-net\3.3\commons-net-3.3.jar;d:\repository\com\google\guava\guava\27.0-jre\guava-27.0-jre.jar;d:\repository\com\google\guava\failureaccess\1.0\failureaccess-1.0.jar;d:\repository\com\google\guava\listenablefuture\9999.0-empty-to-avoid-conflict-with-guava\listenablefuture-9999.0-empty-to-avoid-conflict-with-guava.jar;d:\repository\com\google\code\findbugs\jsr305\3.0.2\jsr305-3.0.2.jar;d:\repository\org\checkerframework\checker-qual\2.5.2\checker-qual-2.5.2.jar;d:\repository\com\google\errorprone\error_prone_annotations\2.2.0\error_prone_annotations-2.2.0.jar;d:\repository\com\google\j2objc\j2objc-annotations\1.1\j2objc-annotations-1.1.jar;d:\repository\org\codehaus\mojo\animal-sniffer-annotations\1.17\animal-sniffer-annotations-1.17.jar;"/>
    <property name="java.vm.vendor" value="Oracle Corporation"/>
    <property name="sun.arch.data.model" value="64"/>
    <property name="user.variant" value=""/>
    <property name="java.vendor.url" value="http://java.oracle.com/"/>
    <property name="user.timezone" value=""/>
    <property name="java.vm.specification.version" value="1.8"/>
    <property name="os.name" value="Windows 7"/>
    <property name="user.country" value="CN"/>
    <property name="sun.java.launcher" value="SUN_STANDARD"/>
    <property name="sun.boot.library.path" value="C:\Program Files\Java\jdk1.8.0_172\jre\bin"/>
    <property name="sun.java.command" value="C:\Users\XUEQIA~1.ZHA\AppData\Local\Temp\surefire6235679240204249120\surefirebooter4604540038668387574.jar C:\Users\xueqian.zhao\AppData\Local\Temp\surefire6235679240204249120 2018-10-29T20-48-46_526-jvmRun1 surefire2934359485252642895tmp surefire_07636732541648252182tmp"/>
    <property name="surefire.test.class.path" value="E:\demo\target\test-classes;E:\demo\target\classes;d:\repository\org\springframework\boot\spring-boot-starter-amqp\2.0.4.RELEASE\spring-boot-starter-amqp-2.0.4.RELEASE.jar;d:\repository\org\springframework\boot\spring-boot-starter\2.0.4.RELEASE\spring-boot-starter-2.0.4.RELEASE.jar;d:\repository\org\springframework\boot\spring-boot\2.0.4.RELEASE\spring-boot-2.0.4.RELEASE.jar;d:\repository\org\springframework\boot\spring-boot-autoconfigure\2.0.4.RELEASE\spring-boot-autoconfigure-2.0.4.RELEASE.jar;d:\repository\org\springframework\boot\spring-boot-starter-logging\2.0.4.RELEASE\spring-boot-starter-logging-2.0.4.RELEASE.jar;d:\repository\ch\qos\logback\logback-classic\1.2.3\logback-classic-1.2.3.jar;d:\repository\ch\qos\logback\logback-core\1.2.3\logback-core-1.2.3.jar;d:\repository\org\apache\logging\log4j\log4j-to-slf4j\2.10.0\log4j-to-slf4j-2.10.0.jar;d:\repository\org\apache\logging\log4j\log4j-api\2.10.0\log4j-api-2.10.0.jar;d:\repository\org\slf4j\jul-to-slf4j\1.7.25\jul-to-slf4j-1.7.25.jar;d:\repository\org\yaml\snakeyaml\1.19\snakeyaml-1.19.jar;d:\repository\org\springframework\spring-messaging\5.0.8.RELEASE\spring-messaging-5.0.8.RELEASE.jar;d:\repository\org\springframework\spring-beans\5.0.8.RELEASE\spring-beans-5.0.8.RELEASE.jar;d:\repository\org\springframework\amqp\spring-rabbit\2.0.5.RELEASE\spring-rabbit-2.0.5.RELEASE.jar;d:\repository\org\springframework\amqp\spring-amqp\2.0.5.RELEASE\spring-amqp-2.0.5.RELEASE.jar;d:\repository\com\rabbitmq\amqp-client\5.1.2\amqp-client-5.1.2.jar;d:\repository\org\springframework\spring-tx\5.0.8.RELEASE\spring-tx-5.0.8.RELEASE.jar;d:\repository\org\springframework\retry\spring-retry\1.2.2.RELEASE\spring-retry-1.2.2.RELEASE.jar;d:\repository\org\springframework\boot\spring-boot-starter-aop\2.0.4.RELEASE\spring-boot-starter-aop-2.0.4.RELEASE.jar;d:\repository\org\springframework\spring-aop\5.0.8.RELEASE\spring-aop-5.0.8.RELEASE.jar;d:\repository\org\aspectj\aspectjweaver\1.8.13\aspectjweaver-1.8.13.jar;d:\repository\org\springframework\boot\spring-boot-starter-cache\2.0.4.RELEASE\spring-boot-starter-cache-2.0.4.RELEASE.jar;d:\repository\org\springframework\spring-context\5.0.8.RELEASE\spring-context-5.0.8.RELEASE.jar;d:\repository\org\springframework\spring-expression\5.0.8.RELEASE\spring-expression-5.0.8.RELEASE.jar;d:\repository\org\springframework\spring-context-support\5.0.8.RELEASE\spring-context-support-5.0.8.RELEASE.jar;d:\repository\org\springframework\boot\spring-boot-starter-freemarker\2.0.4.RELEASE\spring-boot-starter-freemarker-2.0.4.RELEASE.jar;d:\repository\org\freemarker\freemarker\2.3.28\freemarker-2.3.28.jar;d:\repository\org\springframework\boot\spring-boot-starter-web\2.0.4.RELEASE\spring-boot-starter-web-2.0.4.RELEASE.jar;d:\repository\org\springframework\boot\spring-boot-starter-json\2.0.4.RELEASE\spring-boot-starter-json-2.0.4.RELEASE.jar;d:\repository\com\fasterxml\jackson\core\jackson-databind\2.9.6\jackson-databind-2.9.6.jar;d:\repository\com\fasterxml\jackson\core\jackson-annotations\2.9.0\jackson-annotations-2.9.0.jar;d:\repository\com\fasterxml\jackson\core\jackson-core\2.9.6\jackson-core-2.9.6.jar;d:\repository\com\fasterxml\jackson\datatype\jackson-datatype-jdk8\2.9.6\jackson-datatype-jdk8-2.9.6.jar;d:\repository\com\fasterxml\jackson\datatype\jackson-datatype-jsr310\2.9.6\jackson-datatype-jsr310-2.9.6.jar;d:\repository\com\fasterxml\jackson\module\jackson-module-parameter-names\2.9.6\jackson-module-parameter-names-2.9.6.jar;d:\repository\org\hibernate\validator\hibernate-validator\6.0.11.Final\hibernate-validator-6.0.11.Final.jar;d:\repository\javax\validation\validation-api\2.0.1.Final\validation-api-2.0.1.Final.jar;d:\repository\org\jboss\logging\jboss-logging\3.3.2.Final\jboss-logging-3.3.2.Final.jar;d:\repository\com\fasterxml\classmate\1.3.4\classmate-1.3.4.jar;d:\repository\org\springframework\spring-web\5.0.8.RELEASE\spring-web-5.0.8.RELEASE.jar;d:\repository\org\springframework\spring-webmvc\5.0.8.RELEASE\spring-webmvc-5.0.8.RELEASE.jar;d:\repository\org\mybatis\spring\boot\mybatis-spring-boot-starter\1.3.2\mybatis-spring-boot-starter-1.3.2.jar;d:\repository\org\springframework\boot\spring-boot-starter-jdbc\2.0.4.RELEASE\spring-boot-starter-jdbc-2.0.4.RELEASE.jar;d:\repository\com\zaxxer\HikariCP\2.7.9\HikariCP-2.7.9.jar;d:\repository\org\springframework\spring-jdbc\5.0.8.RELEASE\spring-jdbc-5.0.8.RELEASE.jar;d:\repository\org\mybatis\spring\boot\mybatis-spring-boot-autoconfigure\1.3.2\mybatis-spring-boot-autoconfigure-1.3.2.jar;d:\repository\org\mybatis\mybatis\3.4.6\mybatis-3.4.6.jar;d:\repository\org\mybatis\mybatis-spring\1.3.2\mybatis-spring-1.3.2.jar;d:\repository\mysql\mysql-connector-java\5.1.46\mysql-connector-java-5.1.46.jar;d:\repository\org\springframework\boot\spring-boot-starter-tomcat\2.0.4.RELEASE\spring-boot-starter-tomcat-2.0.4.RELEASE.jar;d:\repository\javax\annotation\javax.annotation-api\1.3.2\javax.annotation-api-1.3.2.jar;d:\repository\org\apache\tomcat\embed\tomcat-embed-core\8.5.32\tomcat-embed-core-8.5.32.jar;d:\repository\org\apache\tomcat\embed\tomcat-embed-el\8.5.32\tomcat-embed-el-8.5.32.jar;d:\repository\org\apache\tomcat\embed\tomcat-embed-websocket\8.5.32\tomcat-embed-websocket-8.5.32.jar;d:\repository\org\springframework\boot\spring-boot-starter-test\2.0.4.RELEASE\spring-boot-starter-test-2.0.4.RELEASE.jar;d:\repository\org\springframework\boot\spring-boot-test\2.0.4.RELEASE\spring-boot-test-2.0.4.RELEASE.jar;d:\repository\org\springframework\boot\spring-boot-test-autoconfigure\2.0.4.RELEASE\spring-boot-test-autoconfigure-2.0.4.RELEASE.jar;d:\repository\com\jayway\jsonpath\json-path\2.4.0\json-path-2.4.0.jar;d:\repository\net\minidev\json-smart\2.3\json-smart-2.3.jar;d:\repository\net\minidev\accessors-smart\1.2\accessors-smart-1.2.jar;d:\repository\org\ow2\asm\asm\5.0.4\asm-5.0.4.jar;d:\repository\org\slf4j\slf4j-api\1.7.25\slf4j-api-1.7.25.jar;d:\repository\junit\junit\4.12\junit-4.12.jar;d:\repository\org\assertj\assertj-core\3.9.1\assertj-core-3.9.1.jar;d:\repository\org\mockito\mockito-core\2.15.0\mockito-core-2.15.0.jar;d:\repository\net\bytebuddy\byte-buddy\1.7.11\byte-buddy-1.7.11.jar;d:\repository\net\bytebuddy\byte-buddy-agent\1.7.11\byte-buddy-agent-1.7.11.jar;d:\repository\org\objenesis\objenesis\2.6\objenesis-2.6.jar;d:\repository\org\hamcrest\hamcrest-core\1.3\hamcrest-core-1.3.jar;d:\repository\org\hamcrest\hamcrest-library\1.3\hamcrest-library-1.3.jar;d:\repository\org\skyscreamer\jsonassert\1.5.0\jsonassert-1.5.0.jar;d:\repository\com\vaadin\external\google\android-json\0.0.20131108.vaadin1\android-json-0.0.20131108.vaadin1.jar;d:\repository\org\springframework\spring-core\5.0.8.RELEASE\spring-core-5.0.8.RELEASE.jar;d:\repository\org\springframework\spring-jcl\5.0.8.RELEASE\spring-jcl-5.0.8.RELEASE.jar;d:\repository\org\springframework\spring-test\5.0.8.RELEASE\spring-test-5.0.8.RELEASE.jar;d:\repository\org\xmlunit\xmlunit-core\2.5.1\xmlunit-core-2.5.1.jar;d:\repository\com\alibaba\druid\1.1.0\druid-1.1.0.jar;C:\Program Files\Java\jdk1.8.0_172\jre\..\lib\jconsole.jar;C:\Program Files\Java\jdk1.8.0_172\jre\..\lib\tools.jar;d:\repository\com\google\code\gson\gson\2.8.5\gson-2.8.5.jar;d:\repository\joda-time\joda-time\2.9.9\joda-time-2.9.9.jar;d:\repository\dom4j\dom4j\1.6.1\dom4j-1.6.1.jar;d:\repository\xml-apis\xml-apis\1.4.01\xml-apis-1.4.01.jar;d:\repository\jaxen\jaxen\1.1.6\jaxen-1.1.6.jar;d:\repository\org\apache\httpcomponents\httpclient\4.5.6\httpclient-4.5.6.jar;d:\repository\org\apache\httpcomponents\httpcore\4.4.10\httpcore-4.4.10.jar;d:\repository\commons-codec\commons-codec\1.11\commons-codec-1.11.jar;d:\repository\org\apache\httpcomponents\httpmime\4.5.6\httpmime-4.5.6.jar;d:\repository\commons-io\commons-io\2.5\commons-io-2.5.jar;d:\repository\org\apache\commons\commons-lang3\3.7\commons-lang3-3.7.jar;d:\repository\org\apache\camel\camel-ftp\2.13.2\camel-ftp-2.13.2.jar;d:\repository\org\apache\camel\camel-core\2.13.2\camel-core-2.13.2.jar;d:\repository\com\sun\xml\bind\jaxb-impl\2.2.6\jaxb-impl-2.2.6.jar;d:\repository\com\jcraft\jsch\0.1.50\jsch-0.1.50.jar;d:\repository\commons-net\commons-net\3.3\commons-net-3.3.jar;d:\repository\com\google\guava\guava\27.0-jre\guava-27.0-jre.jar;d:\repository\com\google\guava\failureaccess\1.0\failureaccess-1.0.jar;d:\repository\com\google\guava\listenablefuture\9999.0-empty-to-avoid-conflict-with-guava\listenablefuture-9999.0-empty-to-avoid-conflict-with-guava.jar;d:\repository\com\google\code\findbugs\jsr305\3.0.2\jsr305-3.0.2.jar;d:\repository\org\checkerframework\checker-qual\2.5.2\checker-qual-2.5.2.jar;d:\repository\com\google\errorprone\error_prone_annotations\2.2.0\error_prone_annotations-2.2.0.jar;d:\repository\com\google\j2objc\j2objc-annotations\1.1\j2objc-annotations-1.1.jar;d:\repository\org\codehaus\mojo\animal-sniffer-annotations\1.17\animal-sniffer-annotations-1.17.jar;"/>
    <property name="sun.cpu.endian" value="little"/>
    <property name="user.home" value="C:\Users\xueqian.zhao"/>
    <property name="user.language" value="zh"/>
    <property name="java.specification.vendor" value="Oracle Corporation"/>
    <property name="java.home" value="C:\Program Files\Java\jdk1.8.0_172\jre"/>
    <property name="basedir" value="E:\demo"/>
    <property name="file.separator" value="\"/>
    <property name="line.separator" value="&#10;"/>
    <property name="java.vm.specification.vendor" value="Oracle Corporation"/>
    <property name="java.specification.name" value="Java Platform API Specification"/>
    <property name="java.awt.graphicsenv" value="sun.awt.Win32GraphicsEnvironment"/>
    <property name="surefire.real.class.path" value="C:\Users\XUEQIA~1.ZHA\AppData\Local\Temp\surefire6235679240204249120\surefirebooter4604540038668387574.jar"/>
    <property name="sun.boot.class.path" value="C:\Program Files\Java\jdk1.8.0_172\jre\lib\resources.jar;C:\Program Files\Java\jdk1.8.0_172\jre\lib\rt.jar;C:\Program Files\Java\jdk1.8.0_172\jre\lib\sunrsasign.jar;C:\Program Files\Java\jdk1.8.0_172\jre\lib\jsse.jar;C:\Program Files\Java\jdk1.8.0_172\jre\lib\jce.jar;C:\Program Files\Java\jdk1.8.0_172\jre\lib\charsets.jar;C:\Program Files\Java\jdk1.8.0_172\jre\lib\jfr.jar;C:\Program Files\Java\jdk1.8.0_172\jre\classes"/>
    <property name="user.script" value=""/>
    <property name="sun.management.compiler" value="HotSpot 64-Bit Tiered Compilers"/>
    <property name="java.runtime.version" value="1.8.0_172-b11"/>
    <property name="user.name" value="xueqian.zhao"/>
    <property name="path.separator" value=";"/>
    <property name="os.version" value="6.1"/>
    <property name="java.endorsed.dirs" value="C:\Program Files\Java\jdk1.8.0_172\jre\lib\endorsed"/>
    <property name="java.runtime.name" value="Java(TM) SE Runtime Environment"/>
    <property name="file.encoding" value="GBK"/>
    <property name="java.vm.name" value="Java HotSpot(TM) 64-Bit Server VM"/>
    <property name="localRepository" value="d:\repository"/>
    <property name="java.vendor.url.bug" value="http://bugreport.sun.com/bugreport/"/>
    <property name="java.io.tmpdir" value="C:\Users\XUEQIA~1.ZHA\AppData\Local\Temp\"/>
    <property name="idea.version" value="2018.1.4"/>
    <property name="java.version" value="1.8.0_172"/>
    <property name="user.dir" value="E:\demo"/>
    <property name="os.arch" value="amd64"/>
    <property name="java.vm.specification.name" value="Java Virtual Machine Specification"/>
    <property name="java.awt.printerjob" value="sun.awt.windows.WPrinterJob"/>
    <property name="sun.os.patch.level" value="Service Pack 1"/>
    <property name="java.library.path" value="C:\Program Files\Java\jdk1.8.0_172\jre\bin;C:\Windows\Sun\Java\bin;C:\Windows\system32;C:\Windows;C:\Program Files (x86)\Common Files\Oracle\Java\javapath;C:\Windows\system32;C:\Windows;C:\Windows\System32\Wbem;C:\Windows\System32\WindowsPowerShell\v1.0\;C:\Program Files\Java\jdk1.8.0_172\bin;C:\Program Files\Java\jdk1.8.0_172\jre\bin;D:\apache-tomcat-8.0.52\lib;D:\apache-tomcat-8.0.52\bin;D:\apache-maven-3.5.3\bin;d:\Program Files\Git\cmd;."/>
    <property name="java.vm.info" value="mixed mode"/>
    <property name="java.vendor" value="Oracle Corporation"/>
    <property name="java.vm.version" value="25.172-b11"/>
    <property name="java.ext.dirs" value="C:\Program Files\Java\jdk1.8.0_172\jre\lib\ext;C:\Windows\Sun\Java\lib\ext"/>
    <property name="sun.io.unicode.encoding" value="UnicodeLittle"/>
    <property name="java.class.version" value="52.0"/>
  </properties>
  <testcase name="testConnection" classname="com.example.demo.DemoApplicationTests" time="0.155"/>
  <testcase name="contextLoads" classname="com.example.demo.DemoApplicationTests" time="0"/>
</testsuite>